0 info it worked if it ends with ok
1 verbose cli [ '/Users/andeladeveloper/.nvm/versions/node/v5.11.1/bin/node',
1 verbose cli   '/Users/andeladeveloper/.nvm/versions/node/v5.11.1/bin/npm',
1 verbose cli   'run',
1 verbose cli   'test:frontend' ]
2 info using npm@3.8.6
3 info using node@v5.11.1
4 verbose run-script [ 'pretest:frontend', 'test:frontend', 'posttest:frontend' ]
5 info lifecycle iamdocuman@1.0.0~pretest:frontend: iamdocuman@1.0.0
6 silly lifecycle iamdocuman@1.0.0~pretest:frontend: no script for pretest:frontend, continuing
7 info lifecycle iamdocuman@1.0.0~test:frontend: iamdocuman@1.0.0
8 verbose lifecycle iamdocuman@1.0.0~test:frontend: unsafe-perm in lifecycle true
9 verbose lifecycle iamdocuman@1.0.0~test:frontend: PATH: /Users/andeladeveloper/.nvm/versions/node/v5.11.1/lib/node_modules/npm/bin/node-gyp-bin:/Users/andeladeveloper/Projects/checkpoints/cp2/sandbox/iamdocuman/node_modules/.bin:/Users/andeladeveloper/.nvm/versions/node/v5.11.1/bin:/Users/andeladeveloper/.nvm/versions/node/v5.11.1/bin:/usr/local/bin:/usr/bin:/bin:/usr/sbin:/sbin:/Applications/Postgres.app/Contents/Versions/latest/bin
10 verbose lifecycle iamdocuman@1.0.0~test:frontend: CWD: /Users/andeladeveloper/Projects/checkpoints/cp2/sandbox/iamdocuman
11 silly lifecycle iamdocuman@1.0.0~test:frontend: Args: [ '-c',
11 silly lifecycle   'NODE_ENV=test mocha -w client/test/helpers/browser.js client/test/**/*.spec.js --compilers js:babel-register' ]
12 silly lifecycle iamdocuman@1.0.0~test:frontend: Returned: code: 1  signal: null
13 info lifecycle iamdocuman@1.0.0~test:frontend: Failed to exec test:frontend script
14 verbose stack Error: iamdocuman@1.0.0 test:frontend: `NODE_ENV=test mocha -w client/test/helpers/browser.js client/test/**/*.spec.js --compilers js:babel-register`
14 verbose stack Exit status 1
14 verbose stack     at EventEmitter.<anonymous> (/Users/andeladeveloper/.nvm/versions/node/v5.11.1/lib/node_modules/npm/lib/utils/lifecycle.js:239:16)
14 verbose stack     at emitTwo (events.js:100:13)
14 verbose stack     at EventEmitter.emit (events.js:185:7)
14 verbose stack     at ChildProcess.<anonymous> (/Users/andeladeveloper/.nvm/versions/node/v5.11.1/lib/node_modules/npm/lib/utils/spawn.js:24:14)
14 verbose stack     at emitTwo (events.js:100:13)
14 verbose stack     at ChildProcess.emit (events.js:185:7)
14 verbose stack     at maybeClose (internal/child_process.js:850:16)
14 verbose stack     at Process.ChildProcess._handle.onexit (internal/child_process.js:215:5)
15 verbose pkgid iamdocuman@1.0.0
16 verbose cwd /Users/andeladeveloper/Projects/checkpoints/cp2/sandbox/iamdocuman
17 error Darwin 16.4.0
18 error argv "/Users/andeladeveloper/.nvm/versions/node/v5.11.1/bin/node" "/Users/andeladeveloper/.nvm/versions/node/v5.11.1/bin/npm" "run" "test:frontend"
19 error node v5.11.1
20 error npm  v3.8.6
21 error code ELIFECYCLE
22 error iamdocuman@1.0.0 test:frontend: `NODE_ENV=test mocha -w client/test/helpers/browser.js client/test/**/*.spec.js --compilers js:babel-register`
22 error Exit status 1
23 error Failed at the iamdocuman@1.0.0 test:frontend script 'NODE_ENV=test mocha -w client/test/helpers/browser.js client/test/**/*.spec.js --compilers js:babel-register'.
23 error Make sure you have the latest version of node.js and npm installed.
23 error If you do, this is most likely a problem with the iamdocuman package,
23 error not with npm itself.
23 error Tell the author that this fails on your system:
23 error     NODE_ENV=test mocha -w client/test/helpers/browser.js client/test/**/*.spec.js --compilers js:babel-register
23 error You can get information on how to open an issue for this project with:
23 error     npm bugs iamdocuman
23 error Or if that isn't available, you can get their info via:
23 error     npm owner ls iamdocuman
23 error There is likely additional logging output above.
24 verbose exit [ 1, true ]
